<?xml version="1.0" encoding="UTF-8"?>
<!-- Generated by org.testng.reporters.JUnitReportReporter -->
<testsuite hostname="LAPTOP-L34T7JJ0" failures="0" tests="1" name="testpckg.AddToCartTest" time="52.968" errors="0" timestamp="2024-12-19T21:17:38 IST" skipped="0">
  <testcase classname="testpckg.AddToCartTest" name="addtocartTest" time="52.968"/>
</testsuite> <!-- testpckg.AddToCartTest -->
