<?xml version="1.0" encoding="UTF-8"?>
<!-- Generated by org.testng.reporters.JUnitReportReporter -->
<testsuite hostname="LAPTOP-L34T7JJ0" failures="0" tests="1" name="testpckg.Testclass" time="3.457" errors="0" timestamp="2024-12-16T16:07:36 IST" skipped="0">
  <testcase classname="testpckg.Testclass" name="registerTest" time="3.457"/>
</testsuite> <!-- testpckg.Testclass -->
