<?xml version="1.0" encoding="UTF-8"?>
<!-- Generated by org.testng.reporters.JUnitReportReporter -->
<testsuite hostname="LAPTOP-L34T7JJ0" failures="0" tests="1" name="testpckg.LoginTest" time="4.116" errors="0" timestamp="2024-12-16T20:17:17 IST" skipped="0">
  <testcase classname="testpckg.LoginTest" name="LoginTest" time="4.116"/>
</testsuite> <!-- testpckg.LoginTest -->
